$ node main.js 32
curr epoch number: 38
curr epoch start : 18666800
curr epoch end   : 18868399
latest height    : 18692904 (26104/201600)
query posEpochNum: 32
epochStartH      : 17457200
epochEndH        : 17658799
startValsInfo:
┌─────────┬──────────────────┬──────────────────────────────────────────────┬──────────────────────────────────────────────┬───────┬──────────┐
│ (index) │      intro       │                    miner                     │                   rewardTo                   │  vp   │ retiring │
├─────────┼──────────────────┼──────────────────────────────────────────────┼──────────────────────────────────────────────┼───────┼──────────┤
│    0    │   'matrixport'   │ '0x930C23CE7536B0EDE6AFE7754134D4011217D6AA' │ '0x9a6dd2f7ceb71788de691844d16b6b6852f07aa3' │ 10000 │  false   │
│    1    │    'SmartVal'    │ '0xF22A003226B2221B00906C7435C2EB582223C5C2' │ '0x827594fafd443784c85404575214c9a965dda4e6' │ 10000 │  false   │
│    2    │  '코인판크토시'  │ '0x32E716DAA7C8C2A8AF5759BDB2DF28DF74BBF627' │ '0x5a64d06b893c4ea63e872583dab402858d5adb2d' │ 10000 │  false   │
│    3    │     'ViaBTC'     │ '0xA928A5794D9852389FF572B1941A672274C6C44A' │ '0x47fec48177b189598297789dff6a564dcaef64eb' │ 10000 │  false   │
│    4    │   'RabbitBCH'    │ '0xFD46D618D0CD459F791F44D9C6E54302658AD142' │ '0x4e7607655a31b9df8b60ee9a1dd527f868c106a2' │ 10000 │  false   │
│    5    │  'Benswap.cash'  │ '0x2FEB93041FC652B1326A2F07BAEC5CAA8D2353A9' │ '0x0131459ea0e40120bcf232bc46e2b60030901b71' │ 10000 │  false   │
│    6    │    'BitDeer'     │ '0x214CF857DAC52298955768763CE0F8E92F0DCCC6' │ '0x554f0ce2e51141a75aae5c1232091601b3064ae8' │ 10000 │  false   │
│    7    │ 'Satoshi Vision' │ '0x2BB0818FDA78E9432B4FDE90613FD9619DDAFCD2' │ '0xfe1a62476b422a98c54d649a67b6a0963395c076' │ 10000 │  false   │
│    8    │     'chzhx'      │ '0xA0AD8F2F1799F7C2CB317FEE0BBB25D0142F6AB0' │ '0xe7f72265695a635574cbc60b47cf95c73c80f602' │ 10000 │  false   │
│    9    │    'songoku'     │ '0xFAC3A668D5BED3DDBD854B647E3113946BE3306A' │ '0x9f292bc24c09ace90827ccbbed7ecf5d797bea12' │ 10000 │  false   │
│   10    │   'New KimDot'   │ '0x8A37E57702D4E1EBEBFFBCE1D74ADE0C4DA321A5' │ '0xcc8292325cc20f43bb2d9e5fb01f39bf2362471c' │ 10000 │  false   │
└─────────┴──────────────────┴──────────────────────────────────────────────┴──────────────────────────────────────────────┴───────┴──────────┘
endValsInfo:
┌─────────┬──────────────────┬──────────────────────────────────────────────┬──────────────────────────────────────────────┬───────┬──────────┐
│ (index) │      intro       │                    miner                     │                   rewardTo                   │  vp   │ retiring │
├─────────┼──────────────────┼──────────────────────────────────────────────┼──────────────────────────────────────────────┼───────┼──────────┤
│    0    │   'matrixport'   │ '0x930C23CE7536B0EDE6AFE7754134D4011217D6AA' │ '0x9a6dd2f7ceb71788de691844d16b6b6852f07aa3' │ 10000 │  false   │
│    1    │    'SmartVal'    │ '0xF22A003226B2221B00906C7435C2EB582223C5C2' │ '0x827594fafd443784c85404575214c9a965dda4e6' │ 10000 │  false   │
│    2    │  '코인판크토시'  │ '0x32E716DAA7C8C2A8AF5759BDB2DF28DF74BBF627' │ '0x5a64d06b893c4ea63e872583dab402858d5adb2d' │ 10000 │  false   │
│    3    │     'ViaBTC'     │ '0xA928A5794D9852389FF572B1941A672274C6C44A' │ '0x47fec48177b189598297789dff6a564dcaef64eb' │ 10000 │  false   │
│    4    │   'RabbitBCH'    │ '0xFD46D618D0CD459F791F44D9C6E54302658AD142' │ '0x4e7607655a31b9df8b60ee9a1dd527f868c106a2' │ 10000 │  false   │
│    5    │  'Benswap.cash'  │ '0x2FEB93041FC652B1326A2F07BAEC5CAA8D2353A9' │ '0x0131459ea0e40120bcf232bc46e2b60030901b71' │ 10000 │  false   │
│    6    │    'BitDeer'     │ '0x214CF857DAC52298955768763CE0F8E92F0DCCC6' │ '0x554f0ce2e51141a75aae5c1232091601b3064ae8' │ 10000 │  false   │
│    7    │ 'Satoshi Vision' │ '0x2BB0818FDA78E9432B4FDE90613FD9619DDAFCD2' │ '0xfe1a62476b422a98c54d649a67b6a0963395c076' │ 10000 │  false   │
│    8    │     'chzhx'      │ '0xA0AD8F2F1799F7C2CB317FEE0BBB25D0142F6AB0' │ '0xe7f72265695a635574cbc60b47cf95c73c80f602' │ 10000 │  false   │
│    9    │    'songoku'     │ '0xFAC3A668D5BED3DDBD854B647E3113946BE3306A' │ '0x9f292bc24c09ace90827ccbbed7ecf5d797bea12' │ 10000 │  false   │
│   10    │   'New KimDot'   │ '0x8A37E57702D4E1EBEBFFBCE1D74ADE0C4DA321A5' │ '0xcc8292325cc20f43bb2d9e5fb01f39bf2362471c' │ 10000 │  false   │
└─────────┴──────────────────┴──────────────────────────────────────────────┴──────────────────────────────────────────────┴───────┴──────────┘
slashedVals: []
get block: 17658799, ■■■■■■■■■■■■■■■■■■■■■■■■■■■■■■■■■■■■■■■■■■■■■■■■■■■■■■■■■■■■■■■■■■■■■■■■■■■■■■■■■■■■■■■■■■■■■■■■■■■■
lastMinedBlockMap: [
  {
    miner: '0x214CF857dAC52298955768763Ce0f8e92f0dCcc6',
    block: 17658798
  },
  {
    miner: '0x2BB0818fdA78E9432B4Fde90613fD9619DDAfcd2',
    block: 17658799
  },
  {
    miner: '0xA0AD8f2f1799f7C2CB317fee0BBB25D0142f6aB0',
    block: 17658788
  },
  {
    miner: '0xFd46d618d0cD459F791F44D9C6E54302658aD142',
    block: 17658789
  },
  {
    miner: '0x2feb93041fC652B1326a2F07BAEC5Caa8D2353a9',
    block: 17658790
  },
  {
    miner: '0xF22a003226b2221b00906C7435C2eB582223C5C2',
    block: 17658791
  },
  {
    miner: '0x930C23CE7536B0ede6AfE7754134d4011217D6AA',
    block: 17658792
  },
  {
    miner: '0x8bCe68c4092C2d0Dc369682520Ba31F833518036',
    block: 17458873
  },
  {
    miner: '0x32e716daA7C8C2A8AF5759bdB2DF28Df74bbf627',
    block: 17658794
  },
  {
    miner: '0xA928a5794D9852389FF572b1941A672274c6C44A',
    block: 17658795
  },
  {
    miner: '0x8A37E57702d4E1ebebfFBce1d74AdE0c4Da321A5',
    block: 17658796
  },
  {
    miner: '0xFAC3a668D5bEd3DDbd854b647E3113946bE3306A',
    block: 17658797
  }
]
minedBlocksMap: Map(12) {
  '0x214CF857dAC52298955768763Ce0f8e92f0dCcc6' => 16805,
  '0x2BB0818fdA78E9432B4Fde90613fD9619DDAfcd2' => 16801,
  '0xA0AD8f2f1799f7C2CB317fee0BBB25D0142f6aB0' => 16804,
  '0xFd46d618d0cD459F791F44D9C6E54302658aD142' => 16801,
  '0x2feb93041fC652B1326a2F07BAEC5Caa8D2353a9' => 16800,
  '0xF22a003226b2221b00906C7435C2eB582223C5C2' => 16802,
  '0x930C23CE7536B0ede6AfE7754134d4011217D6AA' => 16801,
  '0x8bCe68c4092C2d0Dc369682520Ba31F833518036' => 141,
  '0x32e716daA7C8C2A8AF5759bdB2DF28Df74bbf627' => 33460,
  '0xA928a5794D9852389FF572b1941A672274c6C44A' => 16802,
  '0x8A37E57702d4E1ebebfFBce1d74AdE0c4Da321A5' => 16789,
  '0xFAC3a668D5bEd3DDbd854b647E3113946bE3306A' => 16806
}
offlineMinerMap: Map(1) { '0x8bCe68c4092C2d0Dc369682520Ba31F833518036' => 17458873 }
delayedBlocks: []
allRewards: 3
